SF:C:\Users\Edik\Desktop\RUST\projects\anime\src\main.rs
FN:1,_RNvCsk3wh25mja7A_8https_an4main
FN:1,_RNvCs6vI7BUPLqgm_8https_an4main
FNDA:0,_RNvCsk3wh25mja7A_8https_an4main
FNDA:0,_RNvCs6vI7BUPLqgm_8https_an4main
FNF:1
FNH:0
DA:1,0
DA:2,0
DA:3,0
BRF:0
BRH:0
LF:3
LH:0
end_of_record
SF:C:\Users\Edik\Desktop\RUST\projects\anime\src\video\video.rs
FN:8,_RNvXNtNtCscj5IiFx6wa9_8https_an5video5videoNtB2_5VideoNtNtB4_8has_name7HasName3new
FN:12,_RNvXNtNtCscj5IiFx6wa9_8https_an5video5videoNtB2_5VideoNtNtB4_8has_name7HasName4name
FN:8,_RNvXNtNtCs88W9StoxuLD_8https_an5video5videoNtB2_5VideoNtNtB4_8has_name7HasName3new
FN:12,_RNvXNtNtCs88W9StoxuLD_8https_an5video5videoNtB2_5VideoNtNtB4_8has_name7HasName4name
FNDA:0,_RNvXNtNtCscj5IiFx6wa9_8https_an5video5videoNtB2_5VideoNtNtB4_8has_name7HasName3new
FNDA:0,_RNvXNtNtCscj5IiFx6wa9_8https_an5video5videoNtB2_5VideoNtNtB4_8has_name7HasName4name
FNDA:0,_RNvXNtNtCs88W9StoxuLD_8https_an5video5videoNtB2_5VideoNtNtB4_8has_name7HasName3new
FNDA:1,_RNvXNtNtCs88W9StoxuLD_8https_an5video5videoNtB2_5VideoNtNtB4_8has_name7HasName4name
FNF:2
FNH:1
DA:8,0
DA:9,0
DA:10,0
DA:12,1
DA:13,1
DA:14,1
BRF:0
BRH:0
LF:6
LH:3
end_of_record